\BOOKMARK [0][-]{chapter.1}{\376\377\000I\000n\000d\000e\000x\000\040\000d\000e\000s\000\040\000s\000t\000r\000u\000c\000t\000u\000r\000e\000s\000\040\000d\000e\000\040\000d\000o\000n\000n\000\351\000e\000s}{}% 1
\BOOKMARK [1][-]{section.1.1}{\376\377\000S\000t\000r\000u\000c\000t\000u\000r\000e\000s\000\040\000d\000e\000\040\000d\000o\000n\000n\000\351\000e\000s}{chapter.1}% 2
\BOOKMARK [0][-]{chapter.2}{\376\377\000I\000n\000d\000e\000x\000\040\000d\000e\000s\000\040\000f\000i\000c\000h\000i\000e\000r\000s}{}% 3
\BOOKMARK [1][-]{section.2.1}{\376\377\000L\000i\000s\000t\000e\000\040\000d\000e\000s\000\040\000f\000i\000c\000h\000i\000e\000r\000s}{chapter.2}% 4
\BOOKMARK [0][-]{chapter.3}{\376\377\000D\000o\000c\000u\000m\000e\000n\000t\000a\000t\000i\000o\000n\000\040\000d\000e\000s\000\040\000s\000t\000r\000u\000c\000t\000u\000r\000e\000s\000\040\000d\000e\000\040\000d\000o\000n\000n\000\351\000e\000s}{}% 5
\BOOKMARK [1][-]{section.3.1}{\376\377\000R\000\351\000f\000\351\000r\000e\000n\000c\000e\000\040\000d\000e\000\040\000l\000a\000\040\000s\000t\000r\000u\000c\000t\000u\000r\000e\000\040\000m\000a\000t\000r\000i\000x\000\137\000t}{chapter.3}% 6
\BOOKMARK [2][-]{subsection.3.1.1}{\376\377\000D\000e\000s\000c\000r\000i\000p\000t\000i\000o\000n\000\040\000d\000\351\000t\000a\000i\000l\000l\000\351\000e}{section.3.1}% 7
\BOOKMARK [2][-]{subsection.3.1.2}{\376\377\000D\000o\000c\000u\000m\000e\000n\000t\000a\000t\000i\000o\000n\000\040\000d\000e\000s\000\040\000c\000h\000a\000m\000p\000s}{section.3.1}% 8
\BOOKMARK [3][-]{subsubsection.3.1.2.1}{\376\377\000c\000o\000l\000\137\000s\000i\000z\000e}{subsection.3.1.2}% 9
\BOOKMARK [3][-]{subsubsection.3.1.2.2}{\376\377\000r\000o\000w\000\137\000s\000i\000z\000e}{subsection.3.1.2}% 10
\BOOKMARK [3][-]{subsubsection.3.1.2.3}{\376\377\000v\000a\000l\000u\000e\000s}{subsection.3.1.2}% 11
\BOOKMARK [1][-]{section.3.2}{\376\377\000R\000\351\000f\000\351\000r\000e\000n\000c\000e\000\040\000d\000e\000\040\000l\000a\000\040\000s\000t\000r\000u\000c\000t\000u\000r\000e\000\040\000v\000e\000c\000t\000o\000r\000\137\000t}{chapter.3}% 12
\BOOKMARK [2][-]{subsection.3.2.1}{\376\377\000D\000e\000s\000c\000r\000i\000p\000t\000i\000o\000n\000\040\000d\000\351\000t\000a\000i\000l\000l\000\351\000e}{section.3.2}% 13
\BOOKMARK [2][-]{subsection.3.2.2}{\376\377\000D\000o\000c\000u\000m\000e\000n\000t\000a\000t\000i\000o\000n\000\040\000d\000e\000s\000\040\000c\000h\000a\000m\000p\000s}{section.3.2}% 14
\BOOKMARK [3][-]{subsubsection.3.2.2.1}{\376\377\000s\000i\000z\000e}{subsection.3.2.2}% 15
\BOOKMARK [3][-]{subsubsection.3.2.2.2}{\376\377\000v\000a\000l\000u\000e\000s}{subsection.3.2.2}% 16
\BOOKMARK [0][-]{chapter.4}{\376\377\000D\000o\000c\000u\000m\000e\000n\000t\000a\000t\000i\000o\000n\000\040\000d\000e\000s\000\040\000f\000i\000c\000h\000i\000e\000r\000s}{}% 17
\BOOKMARK [1][-]{section.4.1}{\376\377\000R\000\351\000f\000\351\000r\000e\000n\000c\000e\000\040\000d\000u\000\040\000f\000i\000c\000h\000i\000e\000r\000\040\000/\000n\000e\000t\000/\000r\000/\000j\000r\000o\000y\000e\000t\000/\000D\000o\000c\000u\000m\000e\000n\000t\000s\000/\000S\0006\000/\000P\000G\0001\0002\0000\000/\000i\000n\000c\000l\000u\000d\000e\000/\000m\000a\000t\000r\000i\000x\000.\000h}{chapter.4}% 18
\BOOKMARK [2][-]{subsection.4.1.1}{\376\377\000D\000e\000s\000c\000r\000i\000p\000t\000i\000o\000n\000\040\000d\000\351\000t\000a\000i\000l\000l\000\351\000e}{section.4.1}% 19
\BOOKMARK [2][-]{subsection.4.1.2}{\376\377\000D\000o\000c\000u\000m\000e\000n\000t\000a\000t\000i\000o\000n\000\040\000d\000e\000s\000\040\000f\000o\000n\000c\000t\000i\000o\000n\000s}{section.4.1}% 20
\BOOKMARK [3][-]{subsubsection.4.1.2.1}{\376\377\000a\000p\000p\000l\000y}{subsection.4.1.2}% 21
\BOOKMARK [3][-]{subsubsection.4.1.2.2}{\376\377\000f\000r\000e\000e\000\137\000m\000a\000t\000r\000i\000x}{subsection.4.1.2}% 22
\BOOKMARK [3][-]{subsubsection.4.1.2.3}{\376\377\000m\000\137\000a\000d\000d}{subsection.4.1.2}% 23
\BOOKMARK [3][-]{subsubsection.4.1.2.4}{\376\377\000m\000\137\000g\000e\000t}{subsection.4.1.2}% 24
\BOOKMARK [3][-]{subsubsection.4.1.2.5}{\376\377\000m\000\137\000p\000r\000i\000n\000t}{subsection.4.1.2}% 25
\BOOKMARK [3][-]{subsubsection.4.1.2.6}{\376\377\000m\000\137\000s\000e\000t}{subsection.4.1.2}% 26
\BOOKMARK [3][-]{subsubsection.4.1.2.7}{\376\377\000m\000a\000k\000e\000\137\000m\000a\000t\000r\000i\000x}{subsection.4.1.2}% 27
\BOOKMARK [3][-]{subsubsection.4.1.2.8}{\376\377\000m\000a\000k\000e\000\137\000r\000o\000t\000a\000t\000i\000o\000n\000\137\000m\000a\000t\000r\000i\000x}{subsection.4.1.2}% 28
\BOOKMARK [3][-]{subsubsection.4.1.2.9}{\376\377\000p\000e\000e\000k\000\137\000r\000o\000w}{subsection.4.1.2}% 29
\BOOKMARK [1][-]{section.4.2}{\376\377\000R\000\351\000f\000\351\000r\000e\000n\000c\000e\000\040\000d\000u\000\040\000f\000i\000c\000h\000i\000e\000r\000\040\000/\000n\000e\000t\000/\000r\000/\000j\000r\000o\000y\000e\000t\000/\000D\000o\000c\000u\000m\000e\000n\000t\000s\000/\000S\0006\000/\000P\000G\0001\0002\0000\000/\000i\000n\000c\000l\000u\000d\000e\000/\000v\000e\000c\000t\000o\000r\000.\000h}{chapter.4}% 30
\BOOKMARK [2][-]{subsection.4.2.1}{\376\377\000D\000e\000s\000c\000r\000i\000p\000t\000i\000o\000n\000\040\000d\000\351\000t\000a\000i\000l\000l\000\351\000e}{section.4.2}% 31
\BOOKMARK [2][-]{subsection.4.2.2}{\376\377\000D\000o\000c\000u\000m\000e\000n\000t\000a\000t\000i\000o\000n\000\040\000d\000e\000s\000\040\000f\000o\000n\000c\000t\000i\000o\000n\000s}{section.4.2}% 32
\BOOKMARK [3][-]{subsubsection.4.2.2.1}{\376\377\000f\000r\000e\000e\000\137\000v\000e\000c\000t\000o\000r}{subsection.4.2.2}% 33
\BOOKMARK [3][-]{subsubsection.4.2.2.2}{\376\377\000m\000a\000k\000e\000\137\000v\000e\000c\000t\000o\000r}{subsection.4.2.2}% 34
\BOOKMARK [3][-]{subsubsection.4.2.2.3}{\376\377\000s\000c\000a\000l\000a\000r\000\137\000p\000r\000o\000d}{subsection.4.2.2}% 35
\BOOKMARK [3][-]{subsubsection.4.2.2.4}{\376\377\000v\000\137\000a\000d\000d}{subsection.4.2.2}% 36
\BOOKMARK [3][-]{subsubsection.4.2.2.5}{\376\377\000v\000\137\000g\000e\000t}{subsection.4.2.2}% 37
\BOOKMARK [3][-]{subsubsection.4.2.2.6}{\376\377\000v\000\137\000p\000r\000i\000n\000t}{subsection.4.2.2}% 38
\BOOKMARK [3][-]{subsubsection.4.2.2.7}{\376\377\000v\000\137\000p\000r\000i\000n\000t\000\137\000h}{subsection.4.2.2}% 39
\BOOKMARK [3][-]{subsubsection.4.2.2.8}{\376\377\000v\000\137\000s\000e\000t}{subsection.4.2.2}% 40
